['INFO ]2023-07-08 00:27:58,881(YYYY-MM-ddHH:MM:ss.SSS][main]Utilities.Loggerload1)-
['INFO ]2023-07-08 00:28:01,573(YYYY-MM-ddHH:MM:ss.SSS][main]Utilities.Loggerload1)-******************* Launching Home Page******************
['WARN ]2023-07-08 00:28:06,649(YYYY-MM-ddHH:MM:ss.SSS][main]Utilities.Loggerload1)-******************You have got a login failure warning*********************
['WARN ]2023-07-08 00:28:07,969(YYYY-MM-ddHH:MM:ss.SSS][main]Utilities.Loggerload1)-******************You have got a login failure warning*********************
['WARN ]2023-07-08 00:28:09,471(YYYY-MM-ddHH:MM:ss.SSS][main]Utilities.Loggerload1)-******************You have got a login failure warning*********************
['WARN ]2023-07-08 00:28:10,763(YYYY-MM-ddHH:MM:ss.SSS][main]Utilities.Loggerload1)-******************You have got a login failure warning*********************
['WARN ]2023-07-08 00:28:12,005(YYYY-MM-ddHH:MM:ss.SSS][main]Utilities.Loggerload1)-******************You have got a login failure warning*********************
['WARN ]2023-07-08 00:28:13,110(YYYY-MM-ddHH:MM:ss.SSS][main]Utilities.Loggerload1)-******************You have got a login failure warning*********************
['WARN ]2023-07-08 00:28:14,195(YYYY-MM-ddHH:MM:ss.SSS][main]Utilities.Loggerload1)-******************You have got a login failure warning*********************
['WARN ]2023-07-08 00:28:15,428(YYYY-MM-ddHH:MM:ss.SSS][main]Utilities.Loggerload1)-******************You have got a login failure warning*********************
['WARN ]2023-07-08 00:28:16,651(YYYY-MM-ddHH:MM:ss.SSS][main]Utilities.Loggerload1)-******************You have got a login failure warning*********************
['WARN ]2023-07-08 00:28:17,929(YYYY-MM-ddHH:MM:ss.SSS][main]Utilities.Loggerload1)-******************You have got a login failure warning*********************
['WARN ]2023-07-08 00:28:19,075(YYYY-MM-ddHH:MM:ss.SSS][main]Utilities.Loggerload1)-******************You have got a login failure warning*********************
['WARN ]2023-07-08 00:28:20,178(YYYY-MM-ddHH:MM:ss.SSS][main]Utilities.Loggerload1)-******************You have got a login failure warning*********************
['WARN ]2023-07-08 00:28:21,370(YYYY-MM-ddHH:MM:ss.SSS][main]Utilities.Loggerload1)-******************You have got a login failure warning*********************
['INFO ]2023-07-08 00:28:22,084(YYYY-MM-ddHH:MM:ss.SSS][main]Utilities.Loggerload1)-*************Launching Signin Page*******************
['INFO ]2023-07-08 00:28:22,510(YYYY-MM-ddHH:MM:ss.SSS][main]Utilities.Loggerload1)-*************Launching Registration Page*******************
['INFO ]2023-07-08 00:28:22,633(YYYY-MM-ddHH:MM:ss.SSS][main]Utilities.Loggerload1)-Registration
['INFO ]2023-07-08 00:28:22,821(YYYY-MM-ddHH:MM:ss.SSS][main]Utilities.Loggerload1)-******************* Launching Home Page******************
['INFO ]2023-07-09 00:03:26,328(YYYY-MM-ddHH:MM:ss.SSS][main]Utilities.Loggerload1)-
['INFO ]2023-07-09 00:03:27,354(YYYY-MM-ddHH:MM:ss.SSS][main]Utilities.Loggerload1)-******************* Launching Home Page******************
['WARN ]2023-07-09 00:03:30,458(YYYY-MM-ddHH:MM:ss.SSS][main]Utilities.Loggerload1)-******************You have got a login failure warning*********************
['WARN ]2023-07-09 00:03:31,394(YYYY-MM-ddHH:MM:ss.SSS][main]Utilities.Loggerload1)-******************You have got a login failure warning*********************
['WARN ]2023-07-09 00:03:32,260(YYYY-MM-ddHH:MM:ss.SSS][main]Utilities.Loggerload1)-******************You have got a login failure warning*********************
['WARN ]2023-07-09 00:03:33,249(YYYY-MM-ddHH:MM:ss.SSS][main]Utilities.Loggerload1)-******************You have got a login failure warning*********************
['WARN ]2023-07-09 00:03:34,158(YYYY-MM-ddHH:MM:ss.SSS][main]Utilities.Loggerload1)-******************You have got a login failure warning*********************
['WARN ]2023-07-09 00:03:35,057(YYYY-MM-ddHH:MM:ss.SSS][main]Utilities.Loggerload1)-******************You have got a login failure warning*********************
['WARN ]2023-07-09 00:03:35,873(YYYY-MM-ddHH:MM:ss.SSS][main]Utilities.Loggerload1)-******************You have got a login failure warning*********************
['WARN ]2023-07-09 00:03:36,863(YYYY-MM-ddHH:MM:ss.SSS][main]Utilities.Loggerload1)-******************You have got a login failure warning*********************
['WARN ]2023-07-09 00:03:37,779(YYYY-MM-ddHH:MM:ss.SSS][main]Utilities.Loggerload1)-******************You have got a login failure warning*********************
['WARN ]2023-07-09 00:03:38,595(YYYY-MM-ddHH:MM:ss.SSS][main]Utilities.Loggerload1)-******************You have got a login failure warning*********************
['WARN ]2023-07-09 00:03:39,360(YYYY-MM-ddHH:MM:ss.SSS][main]Utilities.Loggerload1)-******************You have got a login failure warning*********************
['WARN ]2023-07-09 00:03:40,181(YYYY-MM-ddHH:MM:ss.SSS][main]Utilities.Loggerload1)-******************You have got a login failure warning*********************
['WARN ]2023-07-09 00:03:40,981(YYYY-MM-ddHH:MM:ss.SSS][main]Utilities.Loggerload1)-******************You have got a login failure warning*********************
['INFO ]2023-07-09 00:03:41,247(YYYY-MM-ddHH:MM:ss.SSS][main]Utilities.Loggerload1)-*************Launching Signin Page*******************
['INFO ]2023-07-09 00:03:41,484(YYYY-MM-ddHH:MM:ss.SSS][main]Utilities.Loggerload1)-*************Launching Registration Page*******************
['INFO ]2023-07-09 00:03:41,766(YYYY-MM-ddHH:MM:ss.SSS][main]Utilities.Loggerload1)-Registration
['INFO ]2023-07-09 00:03:41,915(YYYY-MM-ddHH:MM:ss.SSS][main]Utilities.Loggerload1)-******************* Launching Home Page******************
['INFO ]2023-07-09 13:31:19,075(YYYY-MM-ddHH:MM:ss.SSS][main]Utilities.Loggerload1)-
['INFO ]2023-07-09 13:31:19,876(YYYY-MM-ddHH:MM:ss.SSS][main]Utilities.Loggerload1)-******************* Launching Home Page******************
['WARN ]2023-07-09 13:31:22,049(YYYY-MM-ddHH:MM:ss.SSS][main]Utilities.Loggerload1)-******************You have got a login failure warning*********************
['WARN ]2023-07-09 13:31:22,930(YYYY-MM-ddHH:MM:ss.SSS][main]Utilities.Loggerload1)-******************You have got a login failure warning*********************
['WARN ]2023-07-09 13:31:23,694(YYYY-MM-ddHH:MM:ss.SSS][main]Utilities.Loggerload1)-******************You have got a login failure warning*********************
['WARN ]2023-07-09 13:31:24,924(YYYY-MM-ddHH:MM:ss.SSS][main]Utilities.Loggerload1)-******************You have got a login failure warning*********************
['WARN ]2023-07-09 13:31:26,029(YYYY-MM-ddHH:MM:ss.SSS][main]Utilities.Loggerload1)-******************You have got a login failure warning*********************
['WARN ]2023-07-09 13:31:26,940(YYYY-MM-ddHH:MM:ss.SSS][main]Utilities.Loggerload1)-******************You have got a login failure warning*********************
['WARN ]2023-07-09 13:31:27,870(YYYY-MM-ddHH:MM:ss.SSS][main]Utilities.Loggerload1)-******************You have got a login failure warning*********************
['WARN ]2023-07-09 13:31:28,779(YYYY-MM-ddHH:MM:ss.SSS][main]Utilities.Loggerload1)-******************You have got a login failure warning*********************
['WARN ]2023-07-09 13:31:29,618(YYYY-MM-ddHH:MM:ss.SSS][main]Utilities.Loggerload1)-******************You have got a login failure warning*********************
['WARN ]2023-07-09 13:31:30,381(YYYY-MM-ddHH:MM:ss.SSS][main]Utilities.Loggerload1)-******************You have got a login failure warning*********************
['WARN ]2023-07-09 13:31:31,131(YYYY-MM-ddHH:MM:ss.SSS][main]Utilities.Loggerload1)-******************You have got a login failure warning*********************
['WARN ]2023-07-09 13:31:31,931(YYYY-MM-ddHH:MM:ss.SSS][main]Utilities.Loggerload1)-******************You have got a login failure warning*********************
['WARN ]2023-07-09 13:31:32,746(YYYY-MM-ddHH:MM:ss.SSS][main]Utilities.Loggerload1)-******************You have got a login failure warning*********************
['INFO ]2023-07-09 13:31:33,121(YYYY-MM-ddHH:MM:ss.SSS][main]Utilities.Loggerload1)-*************Launching Signin Page*******************
['INFO ]2023-07-09 13:31:33,378(YYYY-MM-ddHH:MM:ss.SSS][main]Utilities.Loggerload1)-*************Launching Registration Page*******************
['INFO ]2023-07-09 13:31:33,444(YYYY-MM-ddHH:MM:ss.SSS][main]Utilities.Loggerload1)-Registration
['INFO ]2023-07-09 13:31:33,592(YYYY-MM-ddHH:MM:ss.SSS][main]Utilities.Loggerload1)-******************* Launching Home Page******************
['INFO ]2023-07-09 13:50:52,203(YYYY-MM-ddHH:MM:ss.SSS][main]Utilities.Loggerload1)-
['INFO ]2023-07-09 13:50:55,664(YYYY-MM-ddHH:MM:ss.SSS][main]Utilities.Loggerload1)-******************* Launching Home Page******************
['WARN ]2023-07-09 13:50:58,426(YYYY-MM-ddHH:MM:ss.SSS][main]Utilities.Loggerload1)-******************You have got a login failure warning*********************
['WARN ]2023-07-09 13:50:59,400(YYYY-MM-ddHH:MM:ss.SSS][main]Utilities.Loggerload1)-******************You have got a login failure warning*********************
['WARN ]2023-07-09 13:51:00,249(YYYY-MM-ddHH:MM:ss.SSS][main]Utilities.Loggerload1)-******************You have got a login failure warning*********************
['WARN ]2023-07-09 13:51:01,129(YYYY-MM-ddHH:MM:ss.SSS][main]Utilities.Loggerload1)-******************You have got a login failure warning*********************
['WARN ]2023-07-09 13:51:02,112(YYYY-MM-ddHH:MM:ss.SSS][main]Utilities.Loggerload1)-******************You have got a login failure warning*********************
['WARN ]2023-07-09 13:51:02,860(YYYY-MM-ddHH:MM:ss.SSS][main]Utilities.Loggerload1)-******************You have got a login failure warning*********************
['WARN ]2023-07-09 13:51:03,639(YYYY-MM-ddHH:MM:ss.SSS][main]Utilities.Loggerload1)-******************You have got a login failure warning*********************
['WARN ]2023-07-09 13:51:04,487(YYYY-MM-ddHH:MM:ss.SSS][main]Utilities.Loggerload1)-******************You have got a login failure warning*********************
['WARN ]2023-07-09 13:51:05,311(YYYY-MM-ddHH:MM:ss.SSS][main]Utilities.Loggerload1)-******************You have got a login failure warning*********************
['WARN ]2023-07-09 13:51:06,086(YYYY-MM-ddHH:MM:ss.SSS][main]Utilities.Loggerload1)-******************You have got a login failure warning*********************
['WARN ]2023-07-09 13:51:06,866(YYYY-MM-ddHH:MM:ss.SSS][main]Utilities.Loggerload1)-******************You have got a login failure warning*********************
['WARN ]2023-07-09 13:51:07,716(YYYY-MM-ddHH:MM:ss.SSS][main]Utilities.Loggerload1)-******************You have got a login failure warning*********************
['WARN ]2023-07-09 13:51:08,509(YYYY-MM-ddHH:MM:ss.SSS][main]Utilities.Loggerload1)-******************You have got a login failure warning*********************
['INFO ]2023-07-09 13:51:08,872(YYYY-MM-ddHH:MM:ss.SSS][main]Utilities.Loggerload1)-*************Launching Signin Page*******************
['INFO ]2023-07-09 13:51:09,076(YYYY-MM-ddHH:MM:ss.SSS][main]Utilities.Loggerload1)-*************Launching Registration Page*******************
['INFO ]2023-07-09 13:51:09,143(YYYY-MM-ddHH:MM:ss.SSS][main]Utilities.Loggerload1)-Registration
['INFO ]2023-07-09 13:51:09,280(YYYY-MM-ddHH:MM:ss.SSS][main]Utilities.Loggerload1)-******************* Launching Home Page******************
['INFO ]2023-07-09 14:20:51,097(YYYY-MM-ddHH:MM:ss.SSS][main]Utilities.Loggerload1)-
['INFO ]2023-07-09 14:20:51,680(YYYY-MM-ddHH:MM:ss.SSS][main]Utilities.Loggerload1)-******************* Launching Home Page******************
['WARN ]2023-07-09 14:20:54,676(YYYY-MM-ddHH:MM:ss.SSS][main]Utilities.Loggerload1)-******************You have got a login failure warning*********************
['WARN ]2023-07-09 14:20:55,604(YYYY-MM-ddHH:MM:ss.SSS][main]Utilities.Loggerload1)-******************You have got a login failure warning*********************
['WARN ]2023-07-09 14:20:56,491(YYYY-MM-ddHH:MM:ss.SSS][main]Utilities.Loggerload1)-******************You have got a login failure warning*********************
['WARN ]2023-07-09 14:20:57,356(YYYY-MM-ddHH:MM:ss.SSS][main]Utilities.Loggerload1)-******************You have got a login failure warning*********************
['WARN ]2023-07-09 14:20:58,303(YYYY-MM-ddHH:MM:ss.SSS][main]Utilities.Loggerload1)-******************You have got a login failure warning*********************
['WARN ]2023-07-09 14:20:59,200(YYYY-MM-ddHH:MM:ss.SSS][main]Utilities.Loggerload1)-******************You have got a login failure warning*********************
['WARN ]2023-07-09 14:21:00,138(YYYY-MM-ddHH:MM:ss.SSS][main]Utilities.Loggerload1)-******************You have got a login failure warning*********************
['WARN ]2023-07-09 14:21:01,013(YYYY-MM-ddHH:MM:ss.SSS][main]Utilities.Loggerload1)-******************You have got a login failure warning*********************
['WARN ]2023-07-09 14:21:01,798(YYYY-MM-ddHH:MM:ss.SSS][main]Utilities.Loggerload1)-******************You have got a login failure warning*********************
['WARN ]2023-07-09 14:21:02,711(YYYY-MM-ddHH:MM:ss.SSS][main]Utilities.Loggerload1)-******************You have got a login failure warning*********************
['WARN ]2023-07-09 14:21:03,543(YYYY-MM-ddHH:MM:ss.SSS][main]Utilities.Loggerload1)-******************You have got a login failure warning*********************
['WARN ]2023-07-09 14:21:04,342(YYYY-MM-ddHH:MM:ss.SSS][main]Utilities.Loggerload1)-******************You have got a login failure warning*********************
['WARN ]2023-07-09 14:21:05,189(YYYY-MM-ddHH:MM:ss.SSS][main]Utilities.Loggerload1)-******************You have got a login failure warning*********************
['INFO ]2023-07-09 14:21:05,488(YYYY-MM-ddHH:MM:ss.SSS][main]Utilities.Loggerload1)-*************Launching Signin Page*******************
['INFO ]2023-07-09 14:21:05,715(YYYY-MM-ddHH:MM:ss.SSS][main]Utilities.Loggerload1)-*************Launching Registration Page*******************
['INFO ]2023-07-09 14:21:05,833(YYYY-MM-ddHH:MM:ss.SSS][main]Utilities.Loggerload1)-Registration
['INFO ]2023-07-09 14:21:05,938(YYYY-MM-ddHH:MM:ss.SSS][main]Utilities.Loggerload1)-******************* Launching Home Page******************
